<?xml version="1.0" encoding="UTF-8"?>
<testsuite hostname="Admin-PC" name="com.nk.tests.RegisterPageTest" tests="26" failures="0" timestamp="22 Aug 2015 16:20:20 GMT" time="101.482" errors="0">
  <testcase name="@BeforeClass setup" time="0.0" classname="com.nk.tests.SearchPageTest">
    <failure type="org.openqa.selenium.remote.UnreachableBrowserException" message="Error communicating with the remote browser. It may have died.
Build info: version: &amp;apos;2.47.1&amp;apos;, revision: &amp;apos;unknown&amp;apos;, time: &amp;apos;2015-07-30 11:02:44&amp;apos;
System info: host: &amp;apos;Admin-PC&amp;apos;, ip: &amp;apos;100.73.175.1&amp;apos;, os.name: &amp;apos;Windows 7&amp;apos;, os.arch: &amp;apos;x86&amp;apos;, os.version: &amp;apos;6.1&amp;apos;, java.version: &amp;apos;1.8.0_20&amp;apos;
Driver info: driver.version: RemoteWebDriver">
      <![CDATA[org.openqa.selenium.remote.UnreachableBrowserException: Error communicating with the remote browser. It may have died.
Build info: version: '2.47.1', revision: 'unknown', time: '2015-07-30 11:02:44'
System info: host: 'Admin-PC', ip: '100.73.175.1', os.name: 'Windows 7', os.arch: 'x86', os.version: '6.1', java.version: '1.8.0_20'
Driver info: driver.version: RemoteWebDriver
	at org.openqa.selenium.remote.RemoteWebDriver.execute(RemoteWebDriver.java:589)
	at org.openqa.selenium.remote.RemoteWebDriver.get(RemoteWebDriver.java:306)
	at com.nk.util.BaseTestObject.setup(BaseTestObject.java:51)
	at org.apache.maven.surefire.testng.TestNGExecutor.run(TestNGExecutor.java:74)
	at org.apache.maven.surefire.testng.TestNGXmlTestSuite.execute(TestNGXmlTestSuite.java:92)
	at org.apache.maven.surefire.Surefire.run(Surefire.java:180)
	at org.apache.maven.surefire.booter.SurefireBooter.runSuitesInProcess(SurefireBooter.java:350)
	at org.apache.maven.surefire.booter.SurefireBooter.main(SurefireBooter.java:1021)
Caused by: org.apache.http.conn.HttpHostConnectException: Connect to 127.0.0.1:7056 [/127.0.0.1] failed: Connection refused: connect
	at org.apache.http.impl.conn.DefaultHttpClientConnectionOperator.connect(DefaultHttpClientConnectionOperator.java:151)
	at org.apache.http.impl.conn.PoolingHttpClientConnectionManager.connect(PoolingHttpClientConnectionManager.java:353)
	at org.apache.http.impl.execchain.MainClientExec.establishRoute(MainClientExec.java:380)
	at org.apache.http.impl.execchain.MainClientExec.execute(MainClientExec.java:236)
	at org.apache.http.impl.execchain.ProtocolExec.execute(ProtocolExec.java:184)
	at org.apache.http.impl.execchain.RetryExec.execute(RetryExec.java:88)
	at org.apache.http.impl.execchain.RedirectExec.execute(RedirectExec.java:110)
	at org.apache.http.impl.client.InternalHttpClient.doExecute(InternalHttpClient.java:184)
	at org.apache.http.impl.client.CloseableHttpClient.execute(CloseableHttpClient.java:71)
	at org.apache.http.impl.client.CloseableHttpClient.execute(CloseableHttpClient.java:55)
	at org.openqa.selenium.remote.internal.ApacheHttpClient.fallBackExecute(ApacheHttpClient.java:161)
	at org.openqa.selenium.remote.internal.ApacheHttpClient.execute(ApacheHttpClient.java:89)
	at org.openqa.selenium.remote.HttpCommandExecutor.execute(HttpCommandExecutor.java:134)
	at org.openqa.selenium.firefox.internal.NewProfileExtensionConnection.execute(NewProfileExtensionConnection.java:170)
	at org.openqa.selenium.firefox.FirefoxDriver$LazyCommandExecutor.execute(FirefoxDriver.java:393)
	at org.openqa.selenium.remote.RemoteWebDriver.execute(RemoteWebDriver.java:568)
	... 33 more
Caused by: java.net.ConnectException: Connection refused: connect
	at java.net.DualStackPlainSocketImpl.waitForConnect(Native Method)
	at java.net.DualStackPlainSocketImpl.socketConnect(DualStackPlainSocketImpl.java:85)
	at java.net.AbstractPlainSocketImpl.doConnect(AbstractPlainSocketImpl.java:345)
	at java.net.AbstractPlainSocketImpl.connectToAddress(AbstractPlainSocketImpl.java:206)
	at java.net.AbstractPlainSocketImpl.connect(AbstractPlainSocketImpl.java:188)
	at java.net.PlainSocketImpl.connect(PlainSocketImpl.java:172)
	at java.net.SocksSocketImpl.connect(SocksSocketImpl.java:392)
	at java.net.Socket.connect(Socket.java:589)
	at org.apache.http.conn.socket.PlainConnectionSocketFactory.connectSocket(PlainConnectionSocketFactory.java:74)
	at org.apache.http.impl.conn.DefaultHttpClientConnectionOperator.connect(DefaultHttpClientConnectionOperator.java:134)
	... 48 more
... Removed 26 stack frames]]>
    </failure>
  </testcase>
  <testcase name="@AfterClass tearDown" time="0.0" classname="com.nk.tests.RegisterPageTest">
    <skipped/>
  </testcase>
  <testcase name="@AfterClass tearDown" time="0.0" classname="com.nk.tests.SearchPageTest">
    <skipped/>
  </testcase>
  <testcase name="popUpClose" time="0.854" classname="com.nk.tests.RegisterPageTest"/>
  <testcase name="popUpClose" time="0.001" classname="com.nk.tests.SearchPageTest">
    <skipped/>
  </testcase>
  <testcase name="verifyRegistrationPage" time="0.001" classname="com.nk.tests.RegisterPageTest">
    <skipped/>
  </testcase>
  <testcase name="verifySearchSection" time="0.0" classname="com.nk.tests.SearchPageTest">
    <skipped/>
  </testcase>
  <testcase name="verifyCreateLoginDetails" time="0.001" classname="com.nk.tests.RegisterPageTest">
    <skipped/>
  </testcase>
  <testcase name="verifySearchByLocationField" time="0.001" classname="com.nk.tests.SearchPageTest">
    <skipped/>
  </testcase>
  <testcase name="verifyYourContactInformation" time="0.001" classname="com.nk.tests.RegisterPageTest">
    <skipped/>
  </testcase>
  <testcase name="verifySearchByExperienceField" time="0.001" classname="com.nk.tests.SearchPageTest">
    <skipped/>
  </testcase>
  <testcase name="verifyYourCurrentEmploymentDetails" time="0.0" classname="com.nk.tests.RegisterPageTest">
    <skipped/>
  </testcase>
  <testcase name="verifySearchBySkill" time="0.0" classname="com.nk.tests.SearchPageTest">
    <skipped/>
  </testcase>
  <testcase name="verifyCompleteMyProfilePage" time="0.0" classname="com.nk.tests.RegisterPageTest">
    <skipped/>
  </testcase>
  <testcase name="verifySearchResultsPage" time="0.0" classname="com.nk.tests.SearchPageTest">
    <skipped/>
  </testcase>
  <testcase name="verifyEducationDetails" time="0.0" classname="com.nk.tests.RegisterPageTest">
    <skipped/>
  </testcase>
  <testcase name="verifyRefineResultsSection" time="0.001" classname="com.nk.tests.SearchPageTest">
    <skipped/>
  </testcase>
  <testcase name="verifyCompleteMyProfile" time="0.001" classname="com.nk.tests.RegisterPageTest">
    <skipped/>
  </testcase>
  <testcase name="verifySearchListingViewResults" time="0.0" classname="com.nk.tests.SearchPageTest">
    <skipped/>
  </testcase>
  <testcase name="verifyCreateYourJobAlert" time="0.001" classname="com.nk.tests.RegisterPageTest">
    <skipped/>
  </testcase>
  <testcase name="verifySearchDetailedViewResults" time="0.0" classname="com.nk.tests.SearchPageTest">
    <skipped/>
  </testcase>
  <testcase name="verifySearchResultsSection" time="0.0" classname="com.nk.tests.SearchPageTest">
    <skipped/>
  </testcase>
  <testcase name="verifyRefineByFreshness" time="0.0" classname="com.nk.tests.SearchPageTest">
    <skipped/>
  </testcase>
  <testcase name="verifySearchByLocationSection" time="0.0" classname="com.nk.tests.SearchPageTest">
    <skipped/>
  </testcase>
  <testcase name="verifyRefineByLocationPopUp" time="0.0" classname="com.nk.tests.SearchPageTest">
    <skipped/>
  </testcase>
  <testcase name="verifyRefineByIndustryType" time="0.0" classname="com.nk.tests.SearchPageTest">
    <skipped/>
  </testcase>
  <testcase name="verifyRefineByIndustryPopUp" time="0.0" classname="com.nk.tests.SearchPageTest">
    <skipped/>
  </testcase>
  <testcase name="verifyRefineByEducation" time="0.001" classname="com.nk.tests.SearchPageTest">
    <skipped/>
  </testcase>
  <testcase name="verifyRefineByEducationPopUp" time="0.001" classname="com.nk.tests.SearchPageTest">
    <skipped/>
  </testcase>
</testsuite>
